Build started 2/24/2014 7:59:19 PM.
     1>Project "C:\Users\Paquito\Documents\Visual Studio 2010\Projects\KnightsTourVis\KnightsTourVis\KnightsTourVis.vcxproj" on node 2 (build target(s)).
     1>InitializeBuildStatus:
         Touching "Debug\KnightsTourVis.unsuccessfulbuild".
       ClCompile:
         C:\Program Files (x86)\Microsoft Visual Studio 10.0\VC\bin\CL.exe /c /ZI /nologo /W3 /WX- /Od /Oy- /D WIN32 /D _DEBUG /D _WINDOWS /D _UNICODE /D UNICODE /Gm /EHsc /RTC1 /MDd /GS /fp:precise /Zc:wchar_t /Zc:forScope /Yc"StdAfx.h" /Fp"Debug\KnightsTourVis.pch" /Fo"Debug\\" /Fd"Debug\vc100.pdb" /Gd /TP /analyze- /errorReport:prompt stdafx.cpp
         stdafx.cpp
         C:\Program Files (x86)\Microsoft Visual Studio 10.0\VC\bin\CL.exe /c /ZI /nologo /W3 /WX- /Od /Oy- /D WIN32 /D _DEBUG /D _WINDOWS /D _UNICODE /D UNICODE /Gm /EHsc /RTC1 /MDd /GS /fp:precise /Zc:wchar_t /Zc:forScope /Yu"StdAfx.h" /Fp"Debug\KnightsTourVis.pch" /Fo"Debug\\" /Fd"Debug\vc100.pdb" /Gd /TP /analyze- /errorReport:prompt KnightsTourVis.cpp
         KnightsTourVis.cpp
       ResourceCompile:
         C:\Program Files (x86)\Microsoft SDKs\Windows\v7.0A\bin\rc.exe /D _UNICODE /D UNICODE /l"0x0409" /nologo /fo"Debug\KnightsTourVis.res" KnightsTourVis.rc 
       Link:
         C:\Program Files (x86)\Microsoft Visual Studio 10.0\VC\bin\link.exe /ERRORREPORT:PROMPT /OUT:"C:\Users\Paquito\Documents\Visual Studio 2010\Projects\KnightsTourVis\Debug\KnightsTourVis.exe" /INCREMENTAL:NO /NOLOGO kernel32.lib user32.lib gdi32.lib winspool.lib comdlg32.lib advapi32.lib shell32.lib ole32.lib oleaut32.lib uuid.lib odbc32.lib odbccp32.lib /MANIFEST /ManifestFile:"Debug\KnightsTourVis.exe.intermediate.manifest" /MANIFESTUAC:"level='asInvoker' uiAccess='false'" /DEBUG /PDB:"C:\Users\Paquito\Documents\Visual Studio 2010\Projects\KnightsTourVis\Debug\KnightsTourVis.pdb" /SUBSYSTEM:WINDOWS /TLBID:1 /DYNAMICBASE /NXCOMPAT /IMPLIB:"C:\Users\Paquito\Documents\Visual Studio 2010\Projects\KnightsTourVis\Debug\KnightsTourVis.lib" /MACHINE:X86 Debug\KnightsTourVis.res
         Debug\KnightsTourVis.obj
         Debug\stdafx.obj
     1>KnightsTourVis.obj : warning LNK4075: ignoring '/EDITANDCONTINUE' due to '/INCREMENTAL:NO' specification
         KnightsTourVis.vcxproj -> C:\Users\Paquito\Documents\Visual Studio 2010\Projects\KnightsTourVis\Debug\KnightsTourVis.exe
       Manifest:
         C:\Program Files (x86)\Microsoft SDKs\Windows\v7.0A\bin\mt.exe /nologo /verbose /outputresource:"C:\Users\Paquito\Documents\Visual Studio 2010\Projects\KnightsTourVis\Debug\KnightsTourVis.exe;#1" /manifest Debug\KnightsTourVis.exe.intermediate.manifest
       FinalizeBuildStatus:
         Deleting file "Debug\KnightsTourVis.unsuccessfulbuild".
         Touching "Debug\KnightsTourVis.lastbuildstate".
     1>Done Building Project "C:\Users\Paquito\Documents\Visual Studio 2010\Projects\KnightsTourVis\KnightsTourVis\KnightsTourVis.vcxproj" (build target(s)).

Build succeeded.

Time Elapsed 00:00:04.05
