Build started 5/18/2013 7:28:43 PM.
     1>Project "C:\Users\Paquito\Documents\Visual Studio 2010\Projects\TheMaster\TheMaster\TheMaster.vcxproj" on node 2 (build target(s)).
     1>InitializeBuildStatus:
         Creating "Debug\TheMaster.unsuccessfulbuild" because "AlwaysCreate" was specified.
       ClCompile:
         C:\Program Files (x86)\Microsoft Visual Studio 10.0\VC\bin\CL.exe /c /ZI /nologo /W3 /WX- /Od /Oy- /D WIN32 /D _DEBUG /D _CONSOLE /D _UNICODE /D UNICODE /Gm /EHsc /RTC1 /MDd /GS /fp:precise /Zc:wchar_t /Zc:forScope /Fo"Debug\\" /Fd"Debug\vc100.pdb" /Gd /TP /analyze- /errorReport:prompt ChessGame.cpp
         ChessGame.cpp
     1>c:\users\paquito\documents\visual studio 2010\projects\themaster\themaster\chessgame.cpp(67): warning C4018: '<' : signed/unsigned mismatch
       Link:
         C:\Program Files (x86)\Microsoft Visual Studio 10.0\VC\bin\link.exe /ERRORREPORT:PROMPT /OUT:"C:\Users\Paquito\Documents\Visual Studio 2010\Projects\TheMaster\TheMaster\Debug\TheMaster.exe" /NOLOGO kernel32.lib user32.lib gdi32.lib winspool.lib comdlg32.lib advapi32.lib shell32.lib ole32.lib oleaut32.lib uuid.lib odbc32.lib odbccp32.lib /MANIFEST /ManifestFile:"Debug\TheMaster.exe.intermediate.manifest" /MANIFESTUAC:"level='asInvoker' uiAccess='false'" /DEBUG /PDB:"C:\Users\Paquito\Documents\Visual Studio 2010\Projects\TheMaster\TheMaster\Debug\TheMaster.pdb" /SUBSYSTEM:CONSOLE /TLBID:1 /DYNAMICBASE /NXCOMPAT /IMPLIB:"C:\Users\Paquito\Documents\Visual Studio 2010\Projects\TheMaster\TheMaster\Debug\TheMaster.lib" /MACHINE:X86 Debug\ChessBoard.obj
         Debug\ChessGame.obj
         Debug\ChessMove.obj
         Debug\TheMaster.obj
         Debug\utils.obj
         LINK : C:\Users\Paquito\Documents\Visual Studio 2010\Projects\TheMaster\TheMaster\Debug\TheMaster.exe not found or not built by the last incremental link; performing full link
         TheMaster.vcxproj -> C:\Users\Paquito\Documents\Visual Studio 2010\Projects\TheMaster\TheMaster\Debug\TheMaster.exe
       Manifest:
         C:\Program Files (x86)\Microsoft SDKs\Windows\v7.0A\bin\mt.exe /nologo /verbose /outputresource:"C:\Users\Paquito\Documents\Visual Studio 2010\Projects\TheMaster\TheMaster\Debug\TheMaster.exe;#1" /manifest Debug\TheMaster.exe.intermediate.manifest
       FinalizeBuildStatus:
         Deleting file "Debug\TheMaster.unsuccessfulbuild".
         Touching "Debug\TheMaster.lastbuildstate".
     1>Done Building Project "C:\Users\Paquito\Documents\Visual Studio 2010\Projects\TheMaster\TheMaster\TheMaster.vcxproj" (build target(s)).

Build succeeded.

Time Elapsed 00:00:01.75
