c:\users\paquito\documents\visual studio 2013\projects\theexpert\theexpert\x64\release\vc120.pdb
c:\users\paquito\documents\visual studio 2013\projects\theexpert\theexpert\x64\release\utils.obj
c:\users\paquito\documents\visual studio 2013\projects\theexpert\theexpert\x64\release\main.obj
c:\users\paquito\documents\visual studio 2013\projects\theexpert\theexpert\x64\release\unmakemove.obj
c:\users\paquito\documents\visual studio 2013\projects\theexpert\theexpert\x64\release\uciinterface.obj
c:\users\paquito\documents\visual studio 2013\projects\theexpert\theexpert\x64\release\setfen.obj
c:\users\paquito\documents\visual studio 2013\projects\theexpert\theexpert\x64\release\printboard.obj
c:\users\paquito\documents\visual studio 2013\projects\theexpert\theexpert\x64\release\perft.obj
c:\users\paquito\documents\visual studio 2013\projects\theexpert\theexpert\x64\release\movementtable.obj
c:\users\paquito\documents\visual studio 2013\projects\theexpert\theexpert\x64\release\makemove.obj
c:\users\paquito\documents\visual studio 2013\projects\theexpert\theexpert\x64\release\generatemoves.obj
c:\users\paquito\documents\visual studio 2013\projects\theexpert\theexpert\x64\release\chessposition.obj
c:\users\paquito\documents\visual studio 2013\projects\theexpert\theexpert\x64\release\chesspiece.obj
c:\users\paquito\documents\visual studio 2013\projects\theexpert\theexpert\x64\release\chessmove.obj
c:\users\paquito\documents\visual studio 2013\projects\theexpert\theexpert\x64\release\chess.obj
c:\users\paquito\documents\visual studio 2013\projects\theexpert\x64\release\theexpert.exe
c:\users\paquito\documents\visual studio 2013\projects\theexpert\x64\release\theexpert.pdb
c:\users\paquito\documents\visual studio 2013\projects\theexpert\theexpert\x64\release\nativecodeanalysis.read.1.tlog
c:\users\paquito\documents\visual studio 2013\projects\theexpert\theexpert\x64\release\chess.nativecodeanalysis.xml
c:\users\paquito\documents\visual studio 2013\projects\theexpert\theexpert\x64\release\chessmove.nativecodeanalysis.xml
c:\users\paquito\documents\visual studio 2013\projects\theexpert\theexpert\x64\release\chesspiece.nativecodeanalysis.xml
c:\users\paquito\documents\visual studio 2013\projects\theexpert\theexpert\x64\release\chessposition.nativecodeanalysis.xml
c:\users\paquito\documents\visual studio 2013\projects\theexpert\theexpert\x64\release\generatemoves.nativecodeanalysis.xml
c:\users\paquito\documents\visual studio 2013\projects\theexpert\theexpert\x64\release\main.nativecodeanalysis.xml
c:\users\paquito\documents\visual studio 2013\projects\theexpert\theexpert\x64\release\makemove.nativecodeanalysis.xml
c:\users\paquito\documents\visual studio 2013\projects\theexpert\theexpert\x64\release\movementtable.nativecodeanalysis.xml
c:\users\paquito\documents\visual studio 2013\projects\theexpert\theexpert\x64\release\perft.nativecodeanalysis.xml
c:\users\paquito\documents\visual studio 2013\projects\theexpert\theexpert\x64\release\printboard.nativecodeanalysis.xml
c:\users\paquito\documents\visual studio 2013\projects\theexpert\theexpert\x64\release\setfen.nativecodeanalysis.xml
c:\users\paquito\documents\visual studio 2013\projects\theexpert\theexpert\x64\release\uciinterface.nativecodeanalysis.xml
c:\users\paquito\documents\visual studio 2013\projects\theexpert\theexpert\x64\release\unmakemove.nativecodeanalysis.xml
c:\users\paquito\documents\visual studio 2013\projects\theexpert\theexpert\x64\release\utils.nativecodeanalysis.xml
c:\users\paquito\documents\visual studio 2013\projects\theexpert\theexpert\x64\release\vc.nativecodeanalysis.all.xml
c:\users\paquito\documents\visual studio 2013\projects\theexpert\x64\release\theexpert.exe.lastcodeanalysissucceeded
c:\users\paquito\documents\visual studio 2013\projects\theexpert\theexpert\x64\release\theexpert.tlog\cl.command.1.tlog
c:\users\paquito\documents\visual studio 2013\projects\theexpert\theexpert\x64\release\theexpert.tlog\cl.read.1.tlog
c:\users\paquito\documents\visual studio 2013\projects\theexpert\theexpert\x64\release\theexpert.tlog\cl.write.1.tlog
c:\users\paquito\documents\visual studio 2013\projects\theexpert\theexpert\x64\release\theexpert.tlog\link.command.1.tlog
c:\users\paquito\documents\visual studio 2013\projects\theexpert\theexpert\x64\release\theexpert.tlog\link.read.1.tlog
c:\users\paquito\documents\visual studio 2013\projects\theexpert\theexpert\x64\release\theexpert.tlog\link.write.1.tlog
