Build started 6/4/2015 7:02:06 AM.
     1>Project "C:\Users\Paquito\Documents\franktort-tort-code\TheExpert\TheExpert\TheExpert.vcxproj" on node 2 (Build target(s)).
     1>ClCompile:
         C:\Program Files (x86)\Microsoft Visual Studio 12.0\VC\bin\x86_amd64\CL.exe /c /Zi /nologo /W3 /WX- /O2 /Oi /Ot /GL /D WIN32 /D NDEBUG /D _CONSOLE /D _LIB /D _UNICODE /D UNICODE /Gm- /EHsc /MD /GS /Gy /fp:precise /Zc:wchar_t /Zc:forScope /Fo"x64\Release\\" /Fd"x64\Release\vc120.pdb" /Gd /TP /errorReport:prompt AlphaBeta.cpp Attacked.cpp Chess.cpp ChessMove.cpp ChessPiece.cpp ChessPosition.cpp Eval.cpp GenerateMoves.cpp MakeMove.cpp MovementTable.cpp Perft.cpp PrintBoard.cpp SetFen.cpp UCIInterface.cpp UnMakeMove.cpp main.cpp utils.cpp zobrist.cpp
         AlphaBeta.cpp
     1>AlphaBeta.cpp(33): warning C4018: '>' : signed/unsigned mismatch
         Attacked.cpp
         Chess.cpp
         ChessMove.cpp
         ChessPiece.cpp
         ChessPosition.cpp
         Eval.cpp
     1>Eval.cpp(23): warning C4101: 'pawnpos' : unreferenced local variable
         GenerateMoves.cpp
     1>GenerateMoves.cpp(246): warning C4554: '<<' : check operator precedence for possible error; use parentheses to clarify precedence
     1>GenerateMoves.cpp(259): warning C4554: '<<' : check operator precedence for possible error; use parentheses to clarify precedence
     1>GenerateMoves.cpp(260): warning C4554: '<<' : check operator precedence for possible error; use parentheses to clarify precedence
     1>GenerateMoves.cpp(261): warning C4554: '<<' : check operator precedence for possible error; use parentheses to clarify precedence
     1>GenerateMoves.cpp(262): warning C4554: '<<' : check operator precedence for possible error; use parentheses to clarify precedence
     1>GenerateMoves.cpp(265): warning C4554: '<<' : check operator precedence for possible error; use parentheses to clarify precedence
     1>GenerateMoves.cpp(266): warning C4554: '<<' : check operator precedence for possible error; use parentheses to clarify precedence
     1>GenerateMoves.cpp(267): warning C4554: '<<' : check operator precedence for possible error; use parentheses to clarify precedence
     1>GenerateMoves.cpp(268): warning C4554: '<<' : check operator precedence for possible error; use parentheses to clarify precedence
     1>GenerateMoves.cpp(279): warning C4554: '<<' : check operator precedence for possible error; use parentheses to clarify precedence
     1>GenerateMoves.cpp(284): warning C4554: '<<' : check operator precedence for possible error; use parentheses to clarify precedence
     1>GenerateMoves.cpp(296): warning C4554: '<<' : check operator precedence for possible error; use parentheses to clarify precedence
     1>GenerateMoves.cpp(301): warning C4554: '<<' : check operator precedence for possible error; use parentheses to clarify precedence
         MakeMove.cpp
         MovementTable.cpp
         Perft.cpp
         PrintBoard.cpp
         SetFen.cpp
         UCIInterface.cpp
         UnMakeMove.cpp
         main.cpp
         utils.cpp
         zobrist.cpp
     1>zobrist.cpp(32): warning C4244: 'argument' : conversion from 'time_t' to 'unsigned int', possible loss of data
       Link:
         C:\Program Files (x86)\Microsoft Visual Studio 12.0\VC\bin\x86_amd64\link.exe /ERRORREPORT:PROMPT /OUT:"C:\Users\Paquito\Documents\franktort-tort-code\TheExpert\x64\Release\TheExpert.exe" /INCREMENTAL:NO /NOLOGO kernel32.lib user32.lib gdi32.lib winspool.lib comdlg32.lib advapi32.lib shell32.lib ole32.lib oleaut32.lib uuid.lib odbc32.lib odbccp32.lib /MANIFEST /MANIFESTUAC:"level='asInvoker' uiAccess='false'" /manifest:embed /DEBUG /PDB:"C:\Users\Paquito\Documents\franktort-tort-code\TheExpert\x64\Release\TheExpert.pdb" /SUBSYSTEM:CONSOLE /OPT:REF /OPT:ICF /LTCG /TLBID:1 /DYNAMICBASE /NXCOMPAT /IMPLIB:"C:\Users\Paquito\Documents\franktort-tort-code\TheExpert\x64\Release\TheExpert.lib" /MACHINE:X64 x64\Release\AlphaBeta.obj
         x64\Release\Attacked.obj
         x64\Release\Chess.obj
         x64\Release\ChessMove.obj
         x64\Release\ChessPiece.obj
         x64\Release\ChessPosition.obj
         x64\Release\Eval.obj
         x64\Release\GenerateMoves.obj
         x64\Release\main.obj
         x64\Release\MakeMove.obj
         x64\Release\MovementTable.obj
         x64\Release\Perft.obj
         x64\Release\PrintBoard.obj
         x64\Release\SetFen.obj
         x64\Release\UCIInterface.obj
         x64\Release\UnMakeMove.obj
         x64\Release\utils.obj
         x64\Release\zobrist.obj
     1>LINK : fatal error LNK1104: cannot open file 'C:\Users\Paquito\Documents\franktort-tort-code\TheExpert\x64\Release\TheExpert.exe'
     1>Done Building Project "C:\Users\Paquito\Documents\franktort-tort-code\TheExpert\TheExpert\TheExpert.vcxproj" (Build target(s)) -- FAILED.

Build FAILED.

Time Elapsed 00:00:09.12
