Build started 3/3/2014 5:41:49 PM.
     1>Project "C:\Users\Paquito\Documents\Visual Studio 2010\Projects\TheMaster\TheMaster\TheMaster.vcxproj" on node 2 (build target(s)).
     1>InitializeBuildStatus:
         Creating "Release\TheMaster.unsuccessfulbuild" because "AlwaysCreate" was specified.
       ClCompile:
         C:\Program Files (x86)\Microsoft Visual Studio 10.0\VC\bin\CL.exe /c /Zi /nologo /W3 /WX- /O2 /Oi /Oy- /GL /D WIN32 /D NDEBUG /D _CONSOLE /D _UNICODE /D UNICODE /Gm- /EHsc /MD /GS /Gy /fp:precise /Zc:wchar_t /Zc:forScope /Fo"Release\\" /Fd"Release\vc100.pdb" /Gd /TP /analyze- /errorReport:prompt Evaluate.cpp algorithms.cpp
         Evaluate.cpp
         algorithms.cpp
       Link:
         C:\Program Files (x86)\Microsoft Visual Studio 10.0\VC\bin\link.exe /ERRORREPORT:PROMPT /OUT:"C:\Users\Paquito\Documents\Visual Studio 2010\Projects\TheMaster\TheMaster\Release\TheMaster.exe" /INCREMENTAL:NO /NOLOGO kernel32.lib user32.lib gdi32.lib winspool.lib comdlg32.lib advapi32.lib shell32.lib ole32.lib oleaut32.lib uuid.lib odbc32.lib odbccp32.lib /MANIFEST /ManifestFile:"Release\TheMaster.exe.intermediate.manifest" /MANIFESTUAC:"level='asInvoker' uiAccess='false'" /DEBUG /PDB:"C:\Users\Paquito\Documents\Visual Studio 2010\Projects\TheMaster\TheMaster\Release\TheMaster.pdb" /SUBSYSTEM:CONSOLE /OPT:REF /OPT:ICF /LTCG /TLBID:1 /DYNAMICBASE /NXCOMPAT /IMPLIB:"C:\Users\Paquito\Documents\Visual Studio 2010\Projects\TheMaster\TheMaster\Release\TheMaster.lib" /MACHINE:X86 Release\algorithms.obj
         Release\ChessBoard.obj
         Release\ChessGame.obj
         Release\ChessMove.obj
         Release\Evaluate.obj
         Release\TheMaster.obj
         Release\utils.obj
         Generating code
         Finished generating code
         TheMaster.vcxproj -> C:\Users\Paquito\Documents\Visual Studio 2010\Projects\TheMaster\TheMaster\Release\TheMaster.exe
       Manifest:
         C:\Program Files (x86)\Microsoft SDKs\Windows\v7.0A\bin\mt.exe /nologo /verbose /outputresource:"C:\Users\Paquito\Documents\Visual Studio 2010\Projects\TheMaster\TheMaster\Release\TheMaster.exe;#1" /manifest Release\TheMaster.exe.intermediate.manifest
       FinalizeBuildStatus:
         Deleting file "Release\TheMaster.unsuccessfulbuild".
         Touching "Release\TheMaster.lastbuildstate".
     1>Done Building Project "C:\Users\Paquito\Documents\Visual Studio 2010\Projects\TheMaster\TheMaster\TheMaster.vcxproj" (build target(s)).

Build succeeded.

Time Elapsed 00:00:02.89
