c:\users\paquito\documents\franktort-tort-code\themaster\themaster\x64\release\vc120.pdb
c:\users\paquito\documents\franktort-tort-code\themaster\themaster\x64\release\utils.obj
c:\users\paquito\documents\franktort-tort-code\themaster\themaster\x64\release\unmakemove.obj
c:\users\paquito\documents\franktort-tort-code\themaster\themaster\x64\release\uciinterface.obj
c:\users\paquito\documents\franktort-tort-code\themaster\themaster\x64\release\themaster.obj
c:\users\paquito\documents\franktort-tort-code\themaster\themaster\x64\release\printmove.obj
c:\users\paquito\documents\franktort-tort-code\themaster\themaster\x64\release\printboard.obj
c:\users\paquito\documents\franktort-tort-code\themaster\themaster\x64\release\piecesquaretables.obj
c:\users\paquito\documents\franktort-tort-code\themaster\themaster\x64\release\perft.obj
c:\users\paquito\documents\franktort-tort-code\themaster\themaster\x64\release\negamax.obj
c:\users\paquito\documents\franktort-tort-code\themaster\themaster\x64\release\makemove.obj
c:\users\paquito\documents\franktort-tort-code\themaster\themaster\x64\release\goodcapture.obj
c:\users\paquito\documents\franktort-tort-code\themaster\themaster\x64\release\genmoves.obj
c:\users\paquito\documents\franktort-tort-code\themaster\themaster\x64\release\gencaptures.obj
c:\users\paquito\documents\franktort-tort-code\themaster\themaster\x64\release\fen.obj
c:\users\paquito\documents\franktort-tort-code\themaster\themaster\x64\release\evaluate.obj
c:\users\paquito\documents\franktort-tort-code\themaster\themaster\x64\release\chessgame.obj
c:\users\paquito\documents\franktort-tort-code\themaster\themaster\x64\release\attacktables.obj
c:\users\paquito\documents\franktort-tort-code\themaster\themaster\x64\release\attacked.obj
c:\users\paquito\documents\franktort-tort-code\themaster\themaster\x64\release\alphabeta.obj
c:\users\paquito\documents\franktort-tort-code\themaster\themaster\x64\release\algorithms.obj
c:\users\paquito\documents\franktort-tort-code\themaster\themaster\x64\release\zobrist.obj
c:\users\paquito\documents\franktort-tort-code\themaster\themaster\x64\release\themasterx64.exe
c:\users\paquito\documents\franktort-tort-code\themaster\themaster\x64\release\themasterx64.pdb
c:\users\paquito\documents\franktort-tort-code\themaster\themaster\x64\release\themaster.tlog\cl.command.1.tlog
c:\users\paquito\documents\franktort-tort-code\themaster\themaster\x64\release\themaster.tlog\cl.read.1.tlog
c:\users\paquito\documents\franktort-tort-code\themaster\themaster\x64\release\themaster.tlog\cl.write.1.tlog
c:\users\paquito\documents\franktort-tort-code\themaster\themaster\x64\release\themaster.tlog\link.command.1.tlog
c:\users\paquito\documents\franktort-tort-code\themaster\themaster\x64\release\themaster.tlog\link.read.1.tlog
c:\users\paquito\documents\franktort-tort-code\themaster\themaster\x64\release\themaster.tlog\link.write.1.tlog
