Build started 6/12/2015 6:14:56 PM.
     1>Project "C:\Users\Paquito\Documents\franktort-tort-code\TheMaster\TheMaster\TheMaster.vcxproj" on node 2 (Build target(s)).
     1>ClCompile:
         C:\Program Files (x86)\Microsoft Visual Studio 12.0\VC\bin\x86_amd64\CL.exe /c /Zi /nologo /W3 /WX- /O2 /Oi /Ot /GL /D WIN64 /D NDEBUG /D _CONSOLE /D _USING_V110_SDK71_ /D _UNICODE /D UNICODE /Gm- /EHsc /MD /GS /Gy /fp:precise /Zc:wchar_t /Zc:forScope /Fo"x64\Release\\" /Fd"x64\Release\vc120.pdb" /Gd /TP /errorReport:prompt TheMaster.cpp
         TheMaster.cpp
       Link:
         C:\Program Files (x86)\Microsoft Visual Studio 12.0\VC\bin\x86_amd64\link.exe /ERRORREPORT:PROMPT /OUT:"C:\Users\Paquito\Documents\franktort-tort-code\TheMaster\TheMaster\x64\Release\TheMasterX64.exe" /INCREMENTAL:NO /NOLOGO "libboost_timer-vc120-mt-1_57.lib" kernel32.lib user32.lib gdi32.lib winspool.lib comdlg32.lib advapi32.lib shell32.lib ole32.lib oleaut32.lib uuid.lib odbc32.lib odbccp32.lib /MANIFEST /MANIFESTUAC:"level='asInvoker' uiAccess='false'" /manifest:embed /DEBUG /PDB:"C:\Users\Paquito\Documents\franktort-tort-code\TheMaster\TheMaster\x64\Release\TheMasterX64.pdb" /SUBSYSTEM:CONSOLE,"5.02" /OPT:REF /OPT:ICF /LTCG /TLBID:1 /DYNAMICBASE /NXCOMPAT /IMPLIB:"C:\Users\Paquito\Documents\franktort-tort-code\TheMaster\TheMaster\x64\Release\TheMasterX64.lib" /MACHINE:X64 x64\Release\algorithms.obj
         x64\Release\AlphaBeta.obj
         x64\Release\Attacked.obj
         x64\Release\AttackTables.obj
         x64\Release\ChessGame.obj
         x64\Release\Evaluate.obj
         x64\Release\fen.obj
         x64\Release\GenCaptures.obj
         x64\Release\GenMoves.obj
         x64\Release\GoodCapture.obj
         x64\Release\MakeMove.obj
         x64\Release\Negamax.obj
         x64\Release\perft.obj
         x64\Release\PieceSquareTables.obj
         x64\Release\PrintBoard.obj
         x64\Release\PrintMove.obj
         x64\Release\TheMaster.obj
         x64\Release\UCIInterface.obj
         x64\Release\UnmakeMove.obj
         x64\Release\utils.obj
         x64\Release\zobrist.obj
         Generating code
         Finished generating code
         TheMaster.vcxproj -> C:\Users\Paquito\Documents\franktort-tort-code\TheMaster\TheMaster\x64\Release\TheMasterX64.exe
     1>Done Building Project "C:\Users\Paquito\Documents\franktort-tort-code\TheMaster\TheMaster\TheMaster.vcxproj" (Build target(s)).

Build succeeded.

Time Elapsed 00:00:03.27
