Build started 5/13/2015 9:38:47 AM.
     1>Project "C:\Users\Paquito\Documents\franktort-tort-code\TheExpert\TheExpert\TheExpert.vcxproj" on node 2 (Build target(s)).
     1>ClCompile:
         C:\Program Files (x86)\Microsoft Visual Studio 12.0\VC\bin\CL.exe /c /ZI /nologo /W3 /WX- /Od /Oy- /D WIN32 /D _DEBUG /D _CONSOLE /D _LIB /D _UNICODE /D UNICODE /Gm /EHsc /RTC1 /MDd /GS /fp:precise /Zc:wchar_t /Zc:forScope /Fo"Debug\\" /Fd"Debug\vc120.pdb" /Gd /TP /analyze- /errorReport:prompt AlphaBeta.cpp Attacked.cpp Chess.cpp ChessMove.cpp ChessPiece.cpp ChessPosition.cpp Eval.cpp GenerateMoves.cpp MakeMove.cpp MovementTable.cpp Perft.cpp PrintBoard.cpp SetFen.cpp UCIInterface.cpp UnMakeMove.cpp main.cpp utils.cpp zobrist.cpp
         ChessPiece.cpp
         Generating Code...
     1>c:\users\paquito\documents\franktort-tort-code\theexpert\theexpert\chesspiece.cpp(8): warning C4715: 'IsChessPieceOK' : not all control paths return a value
         Compiling...
         zobrist.cpp
     1>c:\users\paquito\documents\franktort-tort-code\theexpert\theexpert\zobrist.cpp(32): warning C4244: 'argument' : conversion from 'time_t' to 'unsigned int', possible loss of data
         utils.cpp
         main.cpp
         UnMakeMove.cpp
         UCIInterface.cpp
     1>c:\users\paquito\documents\franktort-tort-code\theexpert\theexpert\uciinterface.cpp(97): warning C4018: '<' : signed/unsigned mismatch
     1>c:\users\paquito\documents\franktort-tort-code\theexpert\theexpert\uciinterface.cpp(105): warning C4018: '<' : signed/unsigned mismatch
     1>c:\users\paquito\documents\franktort-tort-code\theexpert\theexpert\uciinterface.cpp(109): warning C4018: '<' : signed/unsigned mismatch
         SetFen.cpp
     1>c:\users\paquito\documents\franktort-tort-code\theexpert\theexpert\setfen.cpp(41): warning C4018: '<' : signed/unsigned mismatch
     1>c:\users\paquito\documents\franktort-tort-code\theexpert\theexpert\setfen.cpp(62): warning C4018: '<' : signed/unsigned mismatch
         PrintBoard.cpp
         Perft.cpp
         MovementTable.cpp
         MakeMove.cpp
         GenerateMoves.cpp
     1>c:\users\paquito\documents\franktort-tort-code\theexpert\theexpert\generatemoves.cpp(172): warning C4554: '<<' : check operator precedence for possible error; use parentheses to clarify precedence
     1>c:\users\paquito\documents\franktort-tort-code\theexpert\theexpert\generatemoves.cpp(184): warning C4554: '<<' : check operator precedence for possible error; use parentheses to clarify precedence
     1>c:\users\paquito\documents\franktort-tort-code\theexpert\theexpert\generatemoves.cpp(185): warning C4554: '<<' : check operator precedence for possible error; use parentheses to clarify precedence
     1>c:\users\paquito\documents\franktort-tort-code\theexpert\theexpert\generatemoves.cpp(186): warning C4554: '<<' : check operator precedence for possible error; use parentheses to clarify precedence
     1>c:\users\paquito\documents\franktort-tort-code\theexpert\theexpert\generatemoves.cpp(187): warning C4554: '<<' : check operator precedence for possible error; use parentheses to clarify precedence
     1>c:\users\paquito\documents\franktort-tort-code\theexpert\theexpert\generatemoves.cpp(190): warning C4554: '<<' : check operator precedence for possible error; use parentheses to clarify precedence
     1>c:\users\paquito\documents\franktort-tort-code\theexpert\theexpert\generatemoves.cpp(191): warning C4554: '<<' : check operator precedence for possible error; use parentheses to clarify precedence
     1>c:\users\paquito\documents\franktort-tort-code\theexpert\theexpert\generatemoves.cpp(192): warning C4554: '<<' : check operator precedence for possible error; use parentheses to clarify precedence
     1>c:\users\paquito\documents\franktort-tort-code\theexpert\theexpert\generatemoves.cpp(193): warning C4554: '<<' : check operator precedence for possible error; use parentheses to clarify precedence
     1>c:\users\paquito\documents\franktort-tort-code\theexpert\theexpert\generatemoves.cpp(205): warning C4554: '<<' : check operator precedence for possible error; use parentheses to clarify precedence
     1>c:\users\paquito\documents\franktort-tort-code\theexpert\theexpert\generatemoves.cpp(210): warning C4554: '<<' : check operator precedence for possible error; use parentheses to clarify precedence
     1>c:\users\paquito\documents\franktort-tort-code\theexpert\theexpert\generatemoves.cpp(222): warning C4554: '<<' : check operator precedence for possible error; use parentheses to clarify precedence
     1>c:\users\paquito\documents\franktort-tort-code\theexpert\theexpert\generatemoves.cpp(227): warning C4554: '<<' : check operator precedence for possible error; use parentheses to clarify precedence
         Eval.cpp
         ChessPosition.cpp
         ChessMove.cpp
         Chess.cpp
         Attacked.cpp
         AlphaBeta.cpp
         Generating Code...
       Link:
         C:\Program Files (x86)\Microsoft Visual Studio 12.0\VC\bin\link.exe /ERRORREPORT:PROMPT /OUT:"C:\Users\Paquito\Documents\franktort-tort-code\TheExpert\Debug\TheExpert.exe" /INCREMENTAL /NOLOGO kernel32.lib user32.lib gdi32.lib winspool.lib comdlg32.lib advapi32.lib shell32.lib ole32.lib oleaut32.lib uuid.lib odbc32.lib odbccp32.lib /MANIFEST /MANIFESTUAC:"level='asInvoker' uiAccess='false'" /manifest:embed /DEBUG /PDB:"C:\Users\Paquito\Documents\franktort-tort-code\TheExpert\Debug\TheExpert.pdb" /SUBSYSTEM:CONSOLE /TLBID:1 /DYNAMICBASE /NXCOMPAT /IMPLIB:"C:\Users\Paquito\Documents\franktort-tort-code\TheExpert\Debug\TheExpert.lib" /MACHINE:X86 Debug\AlphaBeta.obj
         Debug\Attacked.obj
         Debug\Chess.obj
         Debug\ChessMove.obj
         Debug\ChessPiece.obj
         Debug\ChessPosition.obj
         Debug\Eval.obj
         Debug\GenerateMoves.obj
         Debug\main.obj
         Debug\MakeMove.obj
         Debug\MovementTable.obj
         Debug\Perft.obj
         Debug\PrintBoard.obj
         Debug\SetFen.obj
         Debug\UCIInterface.obj
         Debug\UnMakeMove.obj
         Debug\utils.obj
         Debug\zobrist.obj
         TheExpert.vcxproj -> C:\Users\Paquito\Documents\franktort-tort-code\TheExpert\Debug\TheExpert.exe
     1>Done Building Project "C:\Users\Paquito\Documents\franktort-tort-code\TheExpert\TheExpert\TheExpert.vcxproj" (Build target(s)).

Build succeeded.

Time Elapsed 00:00:08.71
