Build started 6/4/2015 12:18:12 PM.
     1>Project "C:\Users\Paquito\Documents\franktort-tort-code\TheExpert\TheExpert\TheExpert.vcxproj" on node 2 (Build target(s)).
     1>Link:
         C:\Program Files (x86)\Microsoft Visual Studio 12.0\VC\bin\link.exe /ERRORREPORT:PROMPT /OUT:"C:\Users\Paquito\Documents\franktort-tort-code\TheExpert\Release\TheExpert.exe" /INCREMENTAL:NO /NOLOGO kernel32.lib user32.lib gdi32.lib winspool.lib comdlg32.lib advapi32.lib shell32.lib ole32.lib oleaut32.lib uuid.lib odbc32.lib odbccp32.lib /MANIFEST /MANIFESTUAC:"level='asInvoker' uiAccess='false'" /manifest:embed /DEBUG /PDB:"C:\Users\Paquito\Documents\franktort-tort-code\TheExpert\Release\TheExpert.pdb" /SUBSYSTEM:CONSOLE /OPT:REF /OPT:ICF /LTCG /TLBID:1 /DYNAMICBASE /NXCOMPAT /IMPLIB:"C:\Users\Paquito\Documents\franktort-tort-code\TheExpert\Release\TheExpert.lib" /MACHINE:X86 /SAFESEH Release\AlphaBeta.obj
         Release\Attacked.obj
         Release\Chess.obj
         Release\ChessMove.obj
         Release\ChessPiece.obj
         Release\ChessPosition.obj
         Release\Eval.obj
         Release\GenerateMoves.obj
         Release\main.obj
         Release\MakeMove.obj
         Release\MovementTable.obj
         Release\Perft.obj
         Release\PrintBoard.obj
         Release\SetFen.obj
         Release\UCIInterface.obj
         Release\UnMakeMove.obj
         Release\utils.obj
         Release\zobrist.obj
     1>LINK : fatal error LNK1104: cannot open file 'libboost_timer-vc120-mt-1_57.lib'
     1>Done Building Project "C:\Users\Paquito\Documents\franktort-tort-code\TheExpert\TheExpert\TheExpert.vcxproj" (Build target(s)) -- FAILED.

Build FAILED.

Time Elapsed 00:00:05.29
