Build started 2/25/2014 8:17:31 AM.
     1>Project "C:\Users\Paquito\Documents\Visual Studio 2010\Projects\KnightsTour\KnightsTour\KnightsTour.vcxproj" on node 2 (build target(s)).
     1>InitializeBuildStatus:
         Creating "Debug\KnightsTour.unsuccessfulbuild" because "AlwaysCreate" was specified.
       ClCompile:
         C:\Program Files (x86)\Microsoft Visual Studio 10.0\VC\bin\CL.exe /c /ZI /nologo /W3 /WX- /Od /Oy- /D WIN32 /D _DEBUG /D _CONSOLE /D _UNICODE /D UNICODE /Gm /EHsc /RTC1 /MDd /GS /fp:precise /Zc:wchar_t /Zc:forScope /Fo"Debug\\" /Fd"Debug\vc100.pdb" /Gd /TP /analyze- /errorReport:prompt main.cpp TourState.cpp
         TourState.cpp
         main.cpp
         Generating Code...
       ManifestResourceCompile:
         C:\Program Files (x86)\Microsoft SDKs\Windows\v7.0A\bin\rc.exe /nologo /fo"Debug\KnightsTour.exe.embed.manifest.res" Debug\KnightsTour_manifest.rc 
       Link:
         C:\Program Files (x86)\Microsoft Visual Studio 10.0\VC\bin\link.exe /ERRORREPORT:PROMPT /OUT:"C:\Users\Paquito\Documents\Visual Studio 2010\Projects\KnightsTour\Debug\KnightsTour.exe" /INCREMENTAL /NOLOGO kernel32.lib user32.lib gdi32.lib winspool.lib comdlg32.lib advapi32.lib shell32.lib ole32.lib oleaut32.lib uuid.lib odbc32.lib odbccp32.lib /MANIFEST /ManifestFile:"Debug\KnightsTour.exe.intermediate.manifest" /MANIFESTUAC:"level='asInvoker' uiAccess='false'" /DEBUG /PDB:"C:\Users\Paquito\Documents\Visual Studio 2010\Projects\KnightsTour\Debug\KnightsTour.pdb" /SUBSYSTEM:CONSOLE /TLBID:1 /DYNAMICBASE /NXCOMPAT /IMPLIB:"C:\Users\Paquito\Documents\Visual Studio 2010\Projects\KnightsTour\Debug\KnightsTour.lib" /MACHINE:X86 Debug\KnightsTour.exe.embed.manifest.res
         Debug\main.obj
         Debug\TourState.obj
       Manifest:
         Deleting file "Debug\KnightsTour.exe.embed.manifest".
         C:\Program Files (x86)\Microsoft SDKs\Windows\v7.0A\bin\mt.exe /nologo /verbose /out:"Debug\KnightsTour.exe.embed.manifest" /manifest Debug\KnightsTour.exe.intermediate.manifest
         C:\Program Files (x86)\Microsoft SDKs\Windows\v7.0A\bin\rc.exe /nologo /fo"Debug\KnightsTour.exe.embed.manifest.res" Debug\KnightsTour_manifest.rc 
       LinkEmbedManifest:
         C:\Program Files (x86)\Microsoft Visual Studio 10.0\VC\bin\link.exe /ERRORREPORT:PROMPT /OUT:"C:\Users\Paquito\Documents\Visual Studio 2010\Projects\KnightsTour\Debug\KnightsTour.exe" /INCREMENTAL /NOLOGO kernel32.lib user32.lib gdi32.lib winspool.lib comdlg32.lib advapi32.lib shell32.lib ole32.lib oleaut32.lib uuid.lib odbc32.lib odbccp32.lib /MANIFEST /ManifestFile:"Debug\KnightsTour.exe.intermediate.manifest" /MANIFESTUAC:"level='asInvoker' uiAccess='false'" /DEBUG /PDB:"C:\Users\Paquito\Documents\Visual Studio 2010\Projects\KnightsTour\Debug\KnightsTour.pdb" /SUBSYSTEM:CONSOLE /TLBID:1 /DYNAMICBASE /NXCOMPAT /IMPLIB:"C:\Users\Paquito\Documents\Visual Studio 2010\Projects\KnightsTour\Debug\KnightsTour.lib" /MACHINE:X86 Debug\KnightsTour.exe.embed.manifest.res
         Debug\main.obj
         Debug\TourState.obj
         KnightsTour.vcxproj -> C:\Users\Paquito\Documents\Visual Studio 2010\Projects\KnightsTour\Debug\KnightsTour.exe
       FinalizeBuildStatus:
         Deleting file "Debug\KnightsTour.unsuccessfulbuild".
         Touching "Debug\KnightsTour.lastbuildstate".
     1>Done Building Project "C:\Users\Paquito\Documents\Visual Studio 2010\Projects\KnightsTour\KnightsTour\KnightsTour.vcxproj" (build target(s)).

Build succeeded.

Time Elapsed 00:00:03.81
